[0730/133946.547:ERROR:process_memory_win.cc(73)] ReadMemory at 0x7ff6dd4a0000 of 64 bytes failed: Only part of a ReadProcessMemory or WriteProcessMemory request was completed. (0x12B)
[0730/133946.555:WARNING:pe_image_reader.cc(340)] could not read dos header from C:\Program Files (x86)\Google\Chrome\Application\chrome.exe
[0730/133946.555:ERROR:process_memory_win.cc(73)] ReadMemory at 0x7ff9ea9c0000 of 64 bytes failed: Only part of a ReadProcessMemory or WriteProcessMemory request was completed. (0x12B)
[0730/133946.556:WARNING:pe_image_reader.cc(340)] could not read dos header from C:\WINDOWS\SYSTEM32\ntdll.dll
[0730/133946.556:ERROR:process_memory_win.cc(73)] ReadMemory at 0x7ff9e9be0000 of 64 bytes failed: Only part of a ReadProcessMemory or WriteProcessMemory request was completed. (0x12B)
[0730/133946.556:WARNING:pe_image_reader.cc(340)] could not read dos header from C:\WINDOWS\System32\KERNEL32.DLL
[0730/133946.556:ERROR:process_memory_win.cc(73)] ReadMemory at 0x7ff9e7bc0000 of 64 bytes failed: Only part of a ReadProcessMemory or WriteProcessMemory request was completed. (0x12B)
[0730/133946.556:WARNING:pe_image_reader.cc(340)] could not read dos header from C:\WINDOWS\System32\KERNELBASE.dll
[0730/133946.556:ERROR:process_memory_win.cc(73)] ReadMemory at 0x7ff9a6430000 of 64 bytes failed: Only part of a ReadProcessMemory or WriteProcessMemory request was completed. (0x12B)
[0730/133946.556:WARNING:pe_image_reader.cc(340)] could not read dos header from C:\Program Files (x86)\Google\Chrome\Application\84.0.4147.89\chrome_elf.dll
[0730/133946.556:ERROR:process_memory_win.cc(73)] ReadMemory at 0x7ff9e6a20000 of 64 bytes failed: Only part of a ReadProcessMemory or WriteProcessMemory request was completed. (0x12B)
[0730/133946.556:WARNING:pe_image_reader.cc(340)] could not read dos header from C:\WINDOWS\SYSTEM32\VERSION.dll
[0730/133946.556:ERROR:process_memory_win.cc(73)] ReadMemory at 0x7ff9e8e40000 of 64 bytes failed: Only part of a ReadProcessMemory or WriteProcessMemory request was completed. (0x12B)
[0730/133946.556:WARNING:pe_image_reader.cc(340)] could not read dos header from C:\WINDOWS\System32\msvcrt.dll
[0730/133946.556:ERROR:process_memory_win.cc(73)] ReadMemory at 0x7ff9e7fd0000 of 64 bytes failed: Only part of a ReadProcessMemory or WriteProcessMemory request was completed. (0x12B)
[0730/133946.556:WARNING:pe_image_reader.cc(340)] could not read dos header from C:\WINDOWS\System32\bcryptPrimitives.dll
[0730/133946.556:ERROR:process_memory_win.cc(73)] ReadMemory at 0x7ff9ea840000 of 64 bytes failed: Only part of a ReadProcessMemory or WriteProcessMemory request was completed. (0x12B)
[0730/133946.556:WARNING:pe_image_reader.cc(340)] could not read dos header from C:\WINDOWS\System32\ADVAPI32.dll
[0730/133946.556:ERROR:process_memory_win.cc(73)] ReadMemory at 0x7ff9e9360000 of 64 bytes failed: Only part of a ReadProcessMemory or WriteProcessMemory request was completed. (0x12B)
[0730/133946.556:WARNING:pe_image_reader.cc(340)] could not read dos header from C:\WINDOWS\System32\sechost.dll
[0730/133946.556:ERROR:process_memory_win.cc(73)] ReadMemory at 0x7ff9e90a0000 of 64 bytes failed: Only part of a ReadProcessMemory or WriteProcessMemory request was completed. (0x12B)
[0730/133946.556:WARNING:pe_image_reader.cc(340)] could not read dos header from C:\WINDOWS\System32\RPCRT4.dll
[0730/133946.556:ERROR:process_memory_win.cc(73)] ReadMemory at 0x7ff97eb40000 of 64 bytes failed: Only part of a ReadProcessMemory or WriteProcessMemory request was completed. (0x12B)
[0730/133946.556:WARNING:pe_image_reader.cc(340)] could not read dos header from C:\Program Files (x86)\Google\Chrome\Application\84.0.4147.89\chrome.dll
[0730/133946.556:ERROR:process_memory_win.cc(73)] ReadMemory at 0x7ff9e9480000 of 64 bytes failed: Only part of a ReadProcessMemory or WriteProcessMemory request was completed. (0x12B)
[0730/133946.556:WARNING:pe_image_reader.cc(340)] could not read dos header from C:\WINDOWS\System32\WS2_32.dll
[0730/133946.556:ERROR:process_memory_win.cc(73)] ReadMemory at 0x7ff9e91c0000 of 64 bytes failed: Only part of a ReadProcessMemory or WriteProcessMemory request was completed. (0x12B)
[0730/133946.556:WARNING:pe_image_reader.cc(340)] could not read dos header from C:\WINDOWS\System32\OLEAUT32.dll
[0730/133946.556:ERROR:process_memory_win.cc(73)] ReadMemory at 0x7ff9e89d0000 of 64 bytes failed: Only part of a ReadProcessMemory or WriteProcessMemory request was completed. (0x12B)
[0730/133946.556:WARNING:pe_image_reader.cc(340)] could not read dos header from C:\WINDOWS\System32\msvcp_win.dll
[0730/133946.556:ERROR:process_memory_win.cc(73)] ReadMemory at 0x7ff9e7e70000 of 64 bytes failed: Only part of a ReadProcessMemory or WriteProcessMemory request was completed. (0x12B)
[0730/133946.556:WARNING:pe_image_reader.cc(340)] could not read dos header from C:\WINDOWS\System32\ucrtbase.dll
[0730/133946.556:ERROR:process_memory_win.cc(73)] ReadMemory at 0x7ff9e8a70000 of 64 bytes failed: Only part of a ReadProcessMemory or WriteProcessMemory request was completed. (0x12B)
[0730/133946.556:WARNING:pe_image_reader.cc(340)] could not read dos header from C:\WINDOWS\System32\combase.dll
[0730/133946.556:ERROR:process_memory_win.cc(73)] ReadMemory at 0x7ff9e7f70000 of 64 bytes failed: Only part of a ReadProcessMemory or WriteProcessMemory request was completed. (0x12B)
[0730/133946.556:WARNING:pe_image_reader.cc(340)] could not read dos header from C:\WINDOWS\System32\WINTRUST.dll
[0730/133946.556:ERROR:process_memory_win.cc(73)] ReadMemory at 0x7ff9e7880000 of 64 bytes failed: Only part of a ReadProcessMemory or WriteProcessMemory request was completed. (0x12B)
[0730/133946.556:WARNING:pe_image_reader.cc(340)] could not read dos header from C:\WINDOWS\System32\MSASN1.dll
[0730/133946.556:ERROR:process_memory_win.cc(73)] ReadMemory at 0x7ff9e7a40000 of 64 bytes failed: Only part of a ReadProcessMemory or WriteProcessMemory request was completed. (0x12B)
[0730/133946.556:WARNING:pe_image_reader.cc(340)] could not read dos header from C:\WINDOWS\System32\CRYPT32.dll
[0730/133946.556:ERROR:process_memory_win.cc(73)] ReadMemory at 0x7ff9e6d90000 of 64 bytes failed: Only part of a ReadProcessMemory or WriteProcessMemory request was completed. (0x12B)
[0730/133946.556:WARNING:pe_image_reader.cc(340)] could not read dos header from C:\WINDOWS\SYSTEM32\IPHLPAPI.DLL
[0730/133946.556:ERROR:process_memory_win.cc(73)] ReadMemory at 0x7ff9da360000 of 64 bytes failed: Only part of a ReadProcessMemory or WriteProcessMemory request was completed. (0x12B)
[0730/133946.556:WARNING:pe_image_reader.cc(340)] could not read dos header from C:\WINDOWS\SYSTEM32\WINMM.dll
[0730/133946.556:ERROR:process_memory_win.cc(73)] ReadMemory at 0x7ff9e6a30000 of 64 bytes failed: Only part of a ReadProcessMemory or WriteProcessMemory request was completed. (0x12B)
[0730/133946.556:WARNING:pe_image_reader.cc(340)] could not read dos header from C:\WINDOWS\SYSTEM32\Secur32.dll
[0730/133946.556:ERROR:process_memory_win.cc(73)] ReadMemory at 0x7ff9e7790000 of 64 bytes failed: Only part of a ReadProcessMemory or WriteProcessMemory request was completed. (0x12B)
[0730/133946.556:WARNING:pe_image_reader.cc(340)] could not read dos header from C:\WINDOWS\SYSTEM32\USERENV.dll
[0730/133946.556:ERROR:process_memory_win.cc(73)] ReadMemory at 0x7ff9e7910000 of 64 bytes failed: Only part of a ReadProcessMemory or WriteProcessMemory request was completed. (0x12B)
[0730/133946.556:WARNING:pe_image_reader.cc(340)] could not read dos header from C:\WINDOWS\System32\profapi.dll
[0730/133946.556:ERROR:process_memory_win.cc(73)] ReadMemory at 0x7ff9bf370000 of 64 bytes failed: Only part of a ReadProcessMemory or WriteProcessMemory request was completed. (0x12B)
[0730/133946.556:WARNING:pe_image_reader.cc(340)] could not read dos header from C:\WINDOWS\SYSTEM32\UIAutomationCore.DLL
[0730/133946.556:ERROR:process_memory_win.cc(73)] ReadMemory at 0x7ff9d3040000 of 64 bytes failed: Only part of a ReadProcessMemory or WriteProcessMemory request was completed. (0x12B)
[0730/133946.556:WARNING:pe_image_reader.cc(340)] could not read dos header from C:\WINDOWS\SYSTEM32\DWrite.dll
[0730/133946.556:ERROR:process_memory_win.cc(73)] ReadMemory at 0x7ff9da400000 of 64 bytes failed: Only part of a ReadProcessMemory or WriteProcessMemory request was completed. (0x12B)
[0730/133946.556:WARNING:pe_image_reader.cc(340)] could not read dos header from C:\WINDOWS\SYSTEM32\WINSPOOL.DRV
[0730/133946.556:ERROR:process_memory_win.cc(73)] ReadMemory at 0x7ff9e78a0000 of 64 bytes failed: Only part of a ReadProcessMemory or WriteProcessMemory request was completed. (0x12B)
[0730/133946.556:WARNING:pe_image_reader.cc(340)] could not read dos header from C:\WINDOWS\System32\kernel.appcore.dll
[0730/133946.556:ERROR:process_memory_win.cc(73)] ReadMemory at 0x7ff9e89a0000 of 64 bytes failed: Only part of a ReadProcessMemory or WriteProcessMemory request was completed. (0x12B)
[0730/133946.556:WARNING:pe_image_reader.cc(340)] could not read dos header from C:\WINDOWS\System32\bcrypt.dll
[0730/133946.556:ERROR:process_memory_win.cc(73)] ReadMemory at 0x7ff9e2320000 of 64 bytes failed: Only part of a ReadProcessMemory or WriteProcessMemory request was completed. (0x12B)
[0730/133946.556:WARNING:pe_image_reader.cc(340)] could not read dos header from C:\WINDOWS\SYSTEM32\dbghelp.dll
[0730/133946.556:ERROR:process_memory_win.cc(73)] ReadMemory at 0x7ff9df450000 of 64 bytes failed: Only part of a ReadProcessMemory or WriteProcessMemory request was completed. (0x12B)
[0730/133946.556:WARNING:pe_image_reader.cc(340)] could not read dos header from C:\WINDOWS\SYSTEM32\WINHTTP.dll
[0730/133946.556:ERROR:process_memory_win.cc(73)] ReadMemory at 0x7ff9e1c60000 of 64 bytes failed: Only part of a ReadProcessMemory or WriteProcessMemory request was completed. (0x12B)
[0730/133946.556:WARNING:pe_image_reader.cc(340)] could not read dos header from C:\WINDOWS\SYSTEM32\dhcpcsvc.DLL
[0730/133946.556:ERROR:process_memory_win.cc(73)] ReadMemory at 0x7ff9ea690000 of 64 bytes failed: Only part of a ReadProcessMemory or WriteProcessMemory request was completed. (0x12B)
[0730/133946.556:WARNING:pe_image_reader.cc(340)] could not read dos header from C:\WINDOWS\System32\NSI.dll
[0730/133946.556:ERROR:process_memory_win.cc(73)] ReadMemory at 0x7ff9d9e80000 of 64 bytes failed: Only part of a ReadProcessMemory or WriteProcessMemory request was completed. (0x12B)
[0730/133946.556:WARNING:pe_image_reader.cc(340)] could not read dos header from C:\WINDOWS\SYSTEM32\WINMMBASE.dll
[0730/133946.556:ERROR:process_memory_win.cc(73)] ReadMemory at 0x7ff9e79f0000 of 64 bytes failed: Only part of a ReadProcessMemory or WriteProcessMemory request was completed. (0x12B)
[0730/133946.556:WARNING:pe_image_reader.cc(340)] could not read dos header from C:\WINDOWS\System32\cfgmgr32.dll
[0730/133946.556:ERROR:process_memory_win.cc(73)] ReadMemory at 0x7ff9e4070000 of 64 bytes failed: Only part of a ReadProcessMemory or WriteProcessMemory request was completed. (0x12B)
[0730/133946.556:WARNING:pe_image_reader.cc(340)] could not read dos header from C:\WINDOWS\SYSTEM32\PROPSYS.dll
[0730/133946.556:ERROR:process_memory_win.cc(73)] ReadMemory at 0x7ff9e9cd0000 of 64 bytes failed: Only part of a ReadProcessMemory or WriteProcessMemory request was completed. (0x12B)
[0730/133946.556:WARNING:pe_image_reader.cc(340)] could not read dos header from C:\WINDOWS\System32\shcore.dll
[0730/133946.556:ERROR:process_memory_win.cc(73)] ReadMemory at 0x7ff9e7760000 of 64 bytes failed: Only part of a ReadProcessMemory or WriteProcessMemory request was completed. (0x12B)
[0730/133946.556:WARNING:pe_image_reader.cc(340)] could not read dos header from C:\WINDOWS\SYSTEM32\SSPICLI.DLL
[0730/133946.556:ERROR:process_memory_win.cc(73)] ReadMemory at 0x7ff9e9e60000 of 64 bytes failed: Only part of a ReadProcessMemory or WriteProcessMemory request was completed. (0x12B)
[0730/133946.556:WARNING:pe_image_reader.cc(340)] could not read dos header from C:\WINDOWS\System32\SHELL32.dll
[0730/133946.556:ERROR:process_memory_win.cc(73)] ReadMemory at 0x7ff9e8070000 of 64 bytes failed: Only part of a ReadProcessMemory or WriteProcessMemory request was completed. (0x12B)
[0730/133946.556:WARNING:pe_image_reader.cc(340)] could not read dos header from C:\WINDOWS\System32\windows.storage.dll
[0730/133946.556:ERROR:process_memory_win.cc(73)] ReadMemory at 0x7ff9e78c0000 of 64 bytes failed: Only part of a ReadProcessMemory or WriteProcessMemory request was completed. (0x12B)
[0730/133946.556:WARNING:pe_image_reader.cc(340)] could not read dos header from C:\WINDOWS\System32\powrprof.dll
[0730/133946.556:ERROR:process_memory_win.cc(73)] ReadMemory at 0x7ff9e7870000 of 64 bytes failed: Only part of a ReadProcessMemory or WriteProcessMemory request was completed. (0x12B)
[0730/133946.556:WARNING:pe_image_reader.cc(340)] could not read dos header from C:\WINDOWS\System32\UMPDC.dll
[0730/133946.556:ERROR:process_memory_win.cc(73)] ReadMemory at 0x7ff9e9040000 of 64 bytes failed: Only part of a ReadProcessMemory or WriteProcessMemory request was completed. (0x12B)
[0730/133946.556:WARNING:pe_image_reader.cc(340)] could not read dos header from C:\WINDOWS\System32\shlwapi.dll
[0730/133946.556:ERROR:process_memory_win.cc(73)] ReadMemory at 0x7ff9e8db0000 of 64 bytes failed: Only part of a ReadProcessMemory or WriteProcessMemory request was completed. (0x12B)
[0730/133946.556:WARNING:pe_image_reader.cc(340)] could not read dos header from C:\WINDOWS\System32\GDI32.dll
[0730/133946.556:ERROR:process_memory_win.cc(73)] ReadMemory at 0x7ff9e7b90000 of 64 bytes failed: Only part of a ReadProcessMemory or WriteProcessMemory request was completed. (0x12B)
[0730/133946.556:WARNING:pe_image_reader.cc(340)] could not read dos header from C:\WINDOWS\System32\win32u.dll
[0730/133946.556:ERROR:process_memory_win.cc(73)] ReadMemory at 0x7ff9e8800000 of 64 bytes failed: Only part of a ReadProcessMemory or WriteProcessMemory request was completed. (0x12B)
[0730/133946.556:WARNING:pe_image_reader.cc(340)] could not read dos header from C:\WINDOWS\System32\gdi32full.dll
[0730/133946.556:ERROR:process_memory_win.cc(73)] ReadMemory at 0x7ff9ea6a0000 of 64 bytes failed: Only part of a ReadProcessMemory or WriteProcessMemory request was completed. (0x12B)
[0730/133946.556:WARNING:pe_image_reader.cc(340)] could not read dos header from C:\WINDOWS\System32\USER32.dll
[0730/133946.556:ERROR:process_memory_win.cc(73)] ReadMemory at 0x7ff9e8050000 of 64 bytes failed: Only part of a ReadProcessMemory or WriteProcessMemory request was completed. (0x12B)
[0730/133946.556:WARNING:pe_image_reader.cc(340)] could not read dos header from C:\WINDOWS\System32\cryptsp.dll
[0730/133946.556:ERROR:process_memory_win.cc(73)] ReadMemory at 0x1e16a980000 of 64 bytes failed: Only part of a ReadProcessMemory or WriteProcessMemory request was completed. (0x12B)
[0730/133946.556:WARNING:pe_image_reader.cc(340)] could not read dos header from C:\WINDOWS\System32\IMM32.DLL
[0730/133946.556:ERROR:process_memory_win.cc(73)] ReadMemory at 0x7ff9e7250000 of 64 bytes failed: Only part of a ReadProcessMemory or WriteProcessMemory request was completed. (0x12B)
[0730/133946.556:WARNING:pe_image_reader.cc(340)] could not read dos header from C:\WINDOWS\SYSTEM32\CRYPTBASE.DLL
[0730/133946.556:ERROR:process_memory_win.cc(73)] ReadMemory at 0x7ff6dd4a0000 of 64 bytes failed: Only part of a ReadProcessMemory or WriteProcessMemory request was completed. (0x12B)
[0730/133946.556:WARNING:pe_image_reader.cc(340)] could not read dos header from C:\Program Files (x86)\Google\Chrome\Application\chrome.exe
[0730/133946.556:ERROR:process_memory_win.cc(73)] ReadMemory at 0x7ff9ea9c0000 of 64 bytes failed: Only part of a ReadProcessMemory or WriteProcessMemory request was completed. (0x12B)
[0730/133946.556:WARNING:pe_image_reader.cc(340)] could not read dos header from C:\WINDOWS\SYSTEM32\ntdll.dll
[0730/133946.556:ERROR:process_memory_win.cc(73)] ReadMemory at 0x7ff9e9be0000 of 64 bytes failed: Only part of a ReadProcessMemory or WriteProcessMemory request was completed. (0x12B)
[0730/133946.556:WARNING:pe_image_reader.cc(340)] could not read dos header from C:\WINDOWS\System32\KERNEL32.DLL
[0730/133946.556:ERROR:process_memory_win.cc(73)] ReadMemory at 0x7ff9e7bc0000 of 64 bytes failed: Only part of a ReadProcessMemory or WriteProcessMemory request was completed. (0x12B)
[0730/133946.556:WARNING:pe_image_reader.cc(340)] could not read dos header from C:\WINDOWS\System32\KERNELBASE.dll
[0730/133946.556:ERROR:process_memory_win.cc(73)] ReadMemory at 0x7ff9a6430000 of 64 bytes failed: Only part of a ReadProcessMemory or WriteProcessMemory request was completed. (0x12B)
[0730/133946.556:WARNING:pe_image_reader.cc(340)] could not read dos header from C:\Program Files (x86)\Google\Chrome\Application\84.0.4147.89\chrome_elf.dll
[0730/133946.556:ERROR:process_memory_win.cc(73)] ReadMemory at 0x7ff9e6a20000 of 64 bytes failed: Only part of a ReadProcessMemory or WriteProcessMemory request was completed. (0x12B)
[0730/133946.556:WARNING:pe_image_reader.cc(340)] could not read dos header from C:\WINDOWS\SYSTEM32\VERSION.dll
[0730/133946.556:ERROR:process_memory_win.cc(73)] ReadMemory at 0x7ff9e8e40000 of 64 bytes failed: Only part of a ReadProcessMemory or WriteProcessMemory request was completed. (0x12B)
[0730/133946.572:WARNING:pe_image_reader.cc(340)] could not read dos header from C:\WINDOWS\System32\msvcrt.dll
[0730/133946.572:ERROR:process_memory_win.cc(73)] ReadMemory at 0x7ff9e7fd0000 of 64 bytes failed: Only part of a ReadProcessMemory or WriteProcessMemory request was completed. (0x12B)
[0730/133946.572:WARNING:pe_image_reader.cc(340)] could not read dos header from C:\WINDOWS\System32\bcryptPrimitives.dll
[0730/133946.572:ERROR:process_memory_win.cc(73)] ReadMemory at 0x7ff9ea840000 of 64 bytes failed: Only part of a ReadProcessMemory or WriteProcessMemory request was completed. (0x12B)
[0730/133946.587:WARNING:pe_image_reader.cc(340)] could not read dos header from C:\WINDOWS\System32\ADVAPI32.dll
[0730/133946.587:ERROR:process_memory_win.cc(73)] ReadMemory at 0x7ff9e9360000 of 64 bytes failed: Only part of a ReadProcessMemory or WriteProcessMemory request was completed. (0x12B)
[0730/133946.587:WARNING:pe_image_reader.cc(340)] could not read dos header from C:\WINDOWS\System32\sechost.dll
[0730/133946.587:ERROR:process_memory_win.cc(73)] ReadMemory at 0x7ff9e90a0000 of 64 bytes failed: Only part of a ReadProcessMemory or WriteProcessMemory request was completed. (0x12B)
[0730/133946.596:WARNING:pe_image_reader.cc(340)] could not read dos header from C:\WINDOWS\System32\RPCRT4.dll
[0730/133946.596:ERROR:process_memory_win.cc(73)] ReadMemory at 0x7ff97eb40000 of 64 bytes failed: Only part of a ReadProcessMemory or WriteProcessMemory request was completed. (0x12B)
[0730/133946.596:WARNING:pe_image_reader.cc(340)] could not read dos header from C:\Program Files (x86)\Google\Chrome\Application\84.0.4147.89\chrome.dll
[0730/133946.596:ERROR:process_memory_win.cc(73)] ReadMemory at 0x7ff9e9480000 of 64 bytes failed: Only part of a ReadProcessMemory or WriteProcessMemory request was completed. (0x12B)
[0730/133946.596:WARNING:pe_image_reader.cc(340)] could not read dos header from C:\WINDOWS\System32\WS2_32.dll
[0730/133946.596:ERROR:process_memory_win.cc(73)] ReadMemory at 0x7ff9e91c0000 of 64 bytes failed: Only part of a ReadProcessMemory or WriteProcessMemory request was completed. (0x12B)
[0730/133946.596:WARNING:pe_image_reader.cc(340)] could not read dos header from C:\WINDOWS\System32\OLEAUT32.dll
[0730/133946.596:ERROR:process_memory_win.cc(73)] ReadMemory at 0x7ff9e89d0000 of 64 bytes failed: Only part of a ReadProcessMemory or WriteProcessMemory request was completed. (0x12B)
[0730/133946.596:WARNING:pe_image_reader.cc(340)] could not read dos header from C:\WINDOWS\System32\msvcp_win.dll
[0730/133946.596:ERROR:process_memory_win.cc(73)] ReadMemory at 0x7ff9e7e70000 of 64 bytes failed: Only part of a ReadProcessMemory or WriteProcessMemory request was completed. (0x12B)
[0730/133946.596:WARNING:pe_image_reader.cc(340)] could not read dos header from C:\WINDOWS\System32\ucrtbase.dll
[0730/133946.596:ERROR:process_memory_win.cc(73)] ReadMemory at 0x7ff9e8a70000 of 64 bytes failed: Only part of a ReadProcessMemory or WriteProcessMemory request was completed. (0x12B)
[0730/133946.596:WARNING:pe_image_reader.cc(340)] could not read dos header from C:\WINDOWS\System32\combase.dll
[0730/133946.596:ERROR:process_memory_win.cc(73)] ReadMemory at 0x7ff9e7f70000 of 64 bytes failed: Only part of a ReadProcessMemory or WriteProcessMemory request was completed. (0x12B)
[0730/133946.596:WARNING:pe_image_reader.cc(340)] could not read dos header from C:\WINDOWS\System32\WINTRUST.dll
[0730/133946.596:ERROR:process_memory_win.cc(73)] ReadMemory at 0x7ff9e7880000 of 64 bytes failed: Only part of a ReadProcessMemory or WriteProcessMemory request was completed. (0x12B)
[0730/133946.596:WARNING:pe_image_reader.cc(340)] could not read dos header from C:\WINDOWS\System32\MSASN1.dll
[0730/133946.596:ERROR:process_memory_win.cc(73)] ReadMemory at 0x7ff9e7a40000 of 64 bytes failed: Only part of a ReadProcessMemory or WriteProcessMemory request was completed. (0x12B)
[0730/133946.596:WARNING:pe_image_reader.cc(340)] could not read dos header from C:\WINDOWS\System32\CRYPT32.dll
[0730/133946.596:ERROR:process_memory_win.cc(73)] ReadMemory at 0x7ff9e6d90000 of 64 bytes failed: Only part of a ReadProcessMemory or WriteProcessMemory request was completed. (0x12B)
[0730/133946.596:WARNING:pe_image_reader.cc(340)] could not read dos header from C:\WINDOWS\SYSTEM32\IPHLPAPI.DLL
[0730/133946.596:ERROR:process_memory_win.cc(73)] ReadMemory at 0x7ff9da360000 of 64 bytes failed: Only part of a ReadProcessMemory or WriteProcessMemory request was completed. (0x12B)
[0730/133946.596:WARNING:pe_image_reader.cc(340)] could not read dos header from C:\WINDOWS\SYSTEM32\WINMM.dll
[0730/133946.596:ERROR:process_memory_win.cc(73)] ReadMemory at 0x7ff9e6a30000 of 64 bytes failed: Only part of a ReadProcessMemory or WriteProcessMemory request was completed. (0x12B)
[0730/133946.596:WARNING:pe_image_reader.cc(340)] could not read dos header from C:\WINDOWS\SYSTEM32\Secur32.dll
[0730/133946.596:ERROR:process_memory_win.cc(73)] ReadMemory at 0x7ff9e7790000 of 64 bytes failed: Only part of a ReadProcessMemory or WriteProcessMemory request was completed. (0x12B)
[0730/133946.596:WARNING:pe_image_reader.cc(340)] could not read dos header from C:\WINDOWS\SYSTEM32\USERENV.dll
[0730/133946.596:ERROR:process_memory_win.cc(73)] ReadMemory at 0x7ff9e7910000 of 64 bytes failed: Only part of a ReadProcessMemory or WriteProcessMemory request was completed. (0x12B)
[0730/133946.596:WARNING:pe_image_reader.cc(340)] could not read dos header from C:\WINDOWS\System32\profapi.dll
[0730/133946.596:ERROR:process_memory_win.cc(73)] ReadMemory at 0x7ff9bf370000 of 64 bytes failed: Only part of a ReadProcessMemory or WriteProcessMemory request was completed. (0x12B)
[0730/133946.596:WARNING:pe_image_reader.cc(340)] could not read dos header from C:\WINDOWS\SYSTEM32\UIAutomationCore.DLL
[0730/133946.596:ERROR:process_memory_win.cc(73)] ReadMemory at 0x7ff9d3040000 of 64 bytes failed: Only part of a ReadProcessMemory or WriteProcessMemory request was completed. (0x12B)
[0730/133946.596:WARNING:pe_image_reader.cc(340)] could not read dos header from C:\WINDOWS\SYSTEM32\DWrite.dll
[0730/133946.596:ERROR:process_memory_win.cc(73)] ReadMemory at 0x7ff9da400000 of 64 bytes failed: Only part of a ReadProcessMemory or WriteProcessMemory request was completed. (0x12B)
[0730/133946.596:WARNING:pe_image_reader.cc(340)] could not read dos header from C:\WINDOWS\SYSTEM32\WINSPOOL.DRV
[0730/133946.596:ERROR:process_memory_win.cc(73)] ReadMemory at 0x7ff9e78a0000 of 64 bytes failed: Only part of a ReadProcessMemory or WriteProcessMemory request was completed. (0x12B)
[0730/133946.596:WARNING:pe_image_reader.cc(340)] could not read dos header from C:\WINDOWS\System32\kernel.appcore.dll
[0730/133946.596:ERROR:process_memory_win.cc(73)] ReadMemory at 0x7ff9e89a0000 of 64 bytes failed: Only part of a ReadProcessMemory or WriteProcessMemory request was completed. (0x12B)
[0730/133946.596:WARNING:pe_image_reader.cc(340)] could not read dos header from C:\WINDOWS\System32\bcrypt.dll
[0730/133946.596:ERROR:process_memory_win.cc(73)] ReadMemory at 0x7ff9e2320000 of 64 bytes failed: Only part of a ReadProcessMemory or WriteProcessMemory request was completed. (0x12B)
[0730/133946.596:WARNING:pe_image_reader.cc(340)] could not read dos header from C:\WINDOWS\SYSTEM32\dbghelp.dll
[0730/133946.596:ERROR:process_memory_win.cc(73)] ReadMemory at 0x7ff9df450000 of 64 bytes failed: Only part of a ReadProcessMemory or WriteProcessMemory request was completed. (0x12B)
[0730/133946.596:WARNING:pe_image_reader.cc(340)] could not read dos header from C:\WINDOWS\SYSTEM32\WINHTTP.dll
[0730/133946.596:ERROR:process_memory_win.cc(73)] ReadMemory at 0x7ff9e1c60000 of 64 bytes failed: Only part of a ReadProcessMemory or WriteProcessMemory request was completed. (0x12B)
[0730/133946.596:WARNING:pe_image_reader.cc(340)] could not read dos header from C:\WINDOWS\SYSTEM32\dhcpcsvc.DLL
[0730/133946.596:ERROR:process_memory_win.cc(73)] ReadMemory at 0x7ff9ea690000 of 64 bytes failed: Only part of a ReadProcessMemory or WriteProcessMemory request was completed. (0x12B)
[0730/133946.596:WARNING:pe_image_reader.cc(340)] could not read dos header from C:\WINDOWS\System32\NSI.dll
[0730/133946.596:ERROR:process_memory_win.cc(73)] ReadMemory at 0x7ff9d9e80000 of 64 bytes failed: Only part of a ReadProcessMemory or WriteProcessMemory request was completed. (0x12B)
[0730/133946.596:WARNING:pe_image_reader.cc(340)] could not read dos header from C:\WINDOWS\SYSTEM32\WINMMBASE.dll
[0730/133946.596:ERROR:process_memory_win.cc(73)] ReadMemory at 0x7ff9e79f0000 of 64 bytes failed: Only part of a ReadProcessMemory or WriteProcessMemory request was completed. (0x12B)
[0730/133946.596:WARNING:pe_image_reader.cc(340)] could not read dos header from C:\WINDOWS\System32\cfgmgr32.dll
[0730/133946.596:ERROR:process_memory_win.cc(73)] ReadMemory at 0x7ff9e4070000 of 64 bytes failed: Only part of a ReadProcessMemory or WriteProcessMemory request was completed. (0x12B)
[0730/133946.596:WARNING:pe_image_reader.cc(340)] could not read dos header from C:\WINDOWS\SYSTEM32\PROPSYS.dll
[0730/133946.604:ERROR:process_memory_win.cc(73)] ReadMemory at 0x7ff9e9cd0000 of 64 bytes failed: Only part of a ReadProcessMemory or WriteProcessMemory request was completed. (0x12B)
[0730/133946.604:WARNING:pe_image_reader.cc(340)] could not read dos header from C:\WINDOWS\System32\shcore.dll
[0730/133946.604:ERROR:process_memory_win.cc(73)] ReadMemory at 0x7ff9e7760000 of 64 bytes failed: Only part of a ReadProcessMemory or WriteProcessMemory request was completed. (0x12B)
[0730/133946.604:WARNING:pe_image_reader.cc(340)] could not read dos header from C:\WINDOWS\SYSTEM32\SSPICLI.DLL
[0730/133946.604:ERROR:process_memory_win.cc(73)] ReadMemory at 0x7ff9e9e60000 of 64 bytes failed: Only part of a ReadProcessMemory or WriteProcessMemory request was completed. (0x12B)
[0730/133946.604:WARNING:pe_image_reader.cc(340)] could not read dos header from C:\WINDOWS\System32\SHELL32.dll
[0730/133946.604:ERROR:process_memory_win.cc(73)] ReadMemory at 0x7ff9e8070000 of 64 bytes failed: Only part of a ReadProcessMemory or WriteProcessMemory request was completed. (0x12B)
[0730/133946.604:WARNING:pe_image_reader.cc(340)] could not read dos header from C:\WINDOWS\System32\windows.storage.dll
[0730/133946.604:ERROR:process_memory_win.cc(73)] ReadMemory at 0x7ff9e78c0000 of 64 bytes failed: Only part of a ReadProcessMemory or WriteProcessMemory request was completed. (0x12B)
[0730/133946.604:WARNING:pe_image_reader.cc(340)] could not read dos header from C:\WINDOWS\System32\powrprof.dll
[0730/133946.604:ERROR:process_memory_win.cc(73)] ReadMemory at 0x7ff9e7870000 of 64 bytes failed: Only part of a ReadProcessMemory or WriteProcessMemory request was completed. (0x12B)
[0730/133946.604:WARNING:pe_image_reader.cc(340)] could not read dos header from C:\WINDOWS\System32\UMPDC.dll
[0730/133946.604:ERROR:process_memory_win.cc(73)] ReadMemory at 0x7ff9e9040000 of 64 bytes failed: Only part of a ReadProcessMemory or WriteProcessMemory request was completed. (0x12B)
[0730/133946.604:WARNING:pe_image_reader.cc(340)] could not read dos header from C:\WINDOWS\System32\shlwapi.dll
[0730/133946.604:ERROR:process_memory_win.cc(73)] ReadMemory at 0x7ff9e8db0000 of 64 bytes failed: Only part of a ReadProcessMemory or WriteProcessMemory request was completed. (0x12B)
[0730/133946.604:WARNING:pe_image_reader.cc(340)] could not read dos header from C:\WINDOWS\System32\GDI32.dll
[0730/133946.604:ERROR:process_memory_win.cc(73)] ReadMemory at 0x7ff9e7b90000 of 64 bytes failed: Only part of a ReadProcessMemory or WriteProcessMemory request was completed. (0x12B)
[0730/133946.604:WARNING:pe_image_reader.cc(340)] could not read dos header from C:\WINDOWS\System32\win32u.dll
[0730/133946.604:ERROR:process_memory_win.cc(73)] ReadMemory at 0x7ff9e8800000 of 64 bytes failed: Only part of a ReadProcessMemory or WriteProcessMemory request was completed. (0x12B)
[0730/133946.604:WARNING:pe_image_reader.cc(340)] could not read dos header from C:\WINDOWS\System32\gdi32full.dll
[0730/133946.604:ERROR:process_memory_win.cc(73)] ReadMemory at 0x7ff9ea6a0000 of 64 bytes failed: Only part of a ReadProcessMemory or WriteProcessMemory request was completed. (0x12B)
[0730/133946.604:WARNING:pe_image_reader.cc(340)] could not read dos header from C:\WINDOWS\System32\USER32.dll
[0730/133946.604:ERROR:process_memory_win.cc(73)] ReadMemory at 0x7ff9e8050000 of 64 bytes failed: Only part of a ReadProcessMemory or WriteProcessMemory request was completed. (0x12B)
[0730/133946.604:WARNING:pe_image_reader.cc(340)] could not read dos header from C:\WINDOWS\System32\cryptsp.dll
[0730/133946.604:ERROR:process_memory_win.cc(73)] ReadMemory at 0x1e16a980000 of 64 bytes failed: Only part of a ReadProcessMemory or WriteProcessMemory request was completed. (0x12B)
[0730/133946.604:WARNING:pe_image_reader.cc(340)] could not read dos header from C:\WINDOWS\System32\IMM32.DLL
[0730/133946.604:ERROR:process_memory_win.cc(73)] ReadMemory at 0x7ff9e7250000 of 64 bytes failed: Only part of a ReadProcessMemory or WriteProcessMemory request was completed. (0x12B)
[0730/133946.604:WARNING:pe_image_reader.cc(340)] could not read dos header from C:\WINDOWS\SYSTEM32\CRYPTBASE.DLL
[0730/133946.604:ERROR:process_memory_win.cc(73)] ReadMemory at 0x7ff6dd4a0000 of 64 bytes failed: Only part of a ReadProcessMemory or WriteProcessMemory request was completed. (0x12B)
[0730/133946.604:WARNING:pe_image_reader.cc(340)] could not read dos header from C:\Program Files (x86)\Google\Chrome\Application\chrome.exe
[0730/133946.604:ERROR:process_memory_win.cc(73)] ReadMemory at 0x7ff9ea9c0000 of 64 bytes failed: Only part of a ReadProcessMemory or WriteProcessMemory request was completed. (0x12B)
[0730/133946.604:WARNING:pe_image_reader.cc(340)] could not read dos header from C:\WINDOWS\SYSTEM32\ntdll.dll
[0730/133946.604:ERROR:process_memory_win.cc(73)] ReadMemory at 0x7ff9e9be0000 of 64 bytes failed: Only part of a ReadProcessMemory or WriteProcessMemory request was completed. (0x12B)
[0730/133946.604:WARNING:pe_image_reader.cc(340)] could not read dos header from C:\WINDOWS\System32\KERNEL32.DLL
[0730/133946.604:ERROR:process_memory_win.cc(73)] ReadMemory at 0x7ff9e7bc0000 of 64 bytes failed: Only part of a ReadProcessMemory or WriteProcessMemory request was completed. (0x12B)
[0730/133946.604:WARNING:pe_image_reader.cc(340)] could not read dos header from C:\WINDOWS\System32\KERNELBASE.dll
[0730/133946.604:ERROR:process_memory_win.cc(73)] ReadMemory at 0x7ff9a6430000 of 64 bytes failed: Only part of a ReadProcessMemory or WriteProcessMemory request was completed. (0x12B)
[0730/133946.604:WARNING:pe_image_reader.cc(340)] could not read dos header from C:\Program Files (x86)\Google\Chrome\Application\84.0.4147.89\chrome_elf.dll
[0730/133946.604:ERROR:process_memory_win.cc(73)] ReadMemory at 0x7ff9e6a20000 of 64 bytes failed: Only part of a ReadProcessMemory or WriteProcessMemory request was completed. (0x12B)
[0730/133946.604:WARNING:pe_image_reader.cc(340)] could not read dos header from C:\WINDOWS\SYSTEM32\VERSION.dll
[0730/133946.604:ERROR:process_memory_win.cc(73)] ReadMemory at 0x7ff9e8e40000 of 64 bytes failed: Only part of a ReadProcessMemory or WriteProcessMemory request was completed. (0x12B)
[0730/133946.604:WARNING:pe_image_reader.cc(340)] could not read dos header from C:\WINDOWS\System32\msvcrt.dll
[0730/133946.604:ERROR:process_memory_win.cc(73)] ReadMemory at 0x7ff9e7fd0000 of 64 bytes failed: Only part of a ReadProcessMemory or WriteProcessMemory request was completed. (0x12B)
[0730/133946.604:WARNING:pe_image_reader.cc(340)] could not read dos header from C:\WINDOWS\System32\bcryptPrimitives.dll
[0730/133946.604:ERROR:process_memory_win.cc(73)] ReadMemory at 0x7ff9ea840000 of 64 bytes failed: Only part of a ReadProcessMemory or WriteProcessMemory request was completed. (0x12B)
[0730/133946.612:WARNING:pe_image_reader.cc(340)] could not read dos header from C:\WINDOWS\System32\ADVAPI32.dll
[0730/133946.612:ERROR:process_memory_win.cc(73)] ReadMemory at 0x7ff9e9360000 of 64 bytes failed: Only part of a ReadProcessMemory or WriteProcessMemory request was completed. (0x12B)
[0730/133946.612:WARNING:pe_image_reader.cc(340)] could not read dos header from C:\WINDOWS\System32\sechost.dll
[0730/133946.612:ERROR:process_memory_win.cc(73)] ReadMemory at 0x7ff9e90a0000 of 64 bytes failed: Only part of a ReadProcessMemory or WriteProcessMemory request was completed. (0x12B)
[0730/133946.612:WARNING:pe_image_reader.cc(340)] could not read dos header from C:\WINDOWS\System32\RPCRT4.dll
[0730/133946.612:ERROR:process_memory_win.cc(73)] ReadMemory at 0x7ff97eb40000 of 64 bytes failed: Only part of a ReadProcessMemory or WriteProcessMemory request was completed. (0x12B)
[0730/133946.612:WARNING:pe_image_reader.cc(340)] could not read dos header from C:\Program Files (x86)\Google\Chrome\Application\84.0.4147.89\chrome.dll
[0730/133946.612:ERROR:process_memory_win.cc(73)] ReadMemory at 0x7ff9e9480000 of 64 bytes failed: Only part of a ReadProcessMemory or WriteProcessMemory request was completed. (0x12B)
[0730/133946.612:WARNING:pe_image_reader.cc(340)] could not read dos header from C:\WINDOWS\System32\WS2_32.dll
[0730/133946.612:ERROR:process_memory_win.cc(73)] ReadMemory at 0x7ff9e91c0000 of 64 bytes failed: Only part of a ReadProcessMemory or WriteProcessMemory request was completed. (0x12B)
[0730/133946.612:WARNING:pe_image_reader.cc(340)] could not read dos header from C:\WINDOWS\System32\OLEAUT32.dll
[0730/133946.612:ERROR:process_memory_win.cc(73)] ReadMemory at 0x7ff9e89d0000 of 64 bytes failed: Only part of a ReadProcessMemory or WriteProcessMemory request was completed. (0x12B)
[0730/133946.612:WARNING:pe_image_reader.cc(340)] could not read dos header from C:\WINDOWS\System32\msvcp_win.dll
[0730/133946.612:ERROR:process_memory_win.cc(73)] ReadMemory at 0x7ff9e7e70000 of 64 bytes failed: Only part of a ReadProcessMemory or WriteProcessMemory request was completed. (0x12B)
[0730/133946.612:WARNING:pe_image_reader.cc(340)] could not read dos header from C:\WINDOWS\System32\ucrtbase.dll
[0730/133946.612:ERROR:process_memory_win.cc(73)] ReadMemory at 0x7ff9e8a70000 of 64 bytes failed: Only part of a ReadProcessMemory or WriteProcessMemory request was completed. (0x12B)
[0730/133946.612:WARNING:pe_image_reader.cc(340)] could not read dos header from C:\WINDOWS\System32\combase.dll
[0730/133946.612:ERROR:process_memory_win.cc(73)] ReadMemory at 0x7ff9e7f70000 of 64 bytes failed: Only part of a ReadProcessMemory or WriteProcessMemory request was completed. (0x12B)
[0730/133946.612:WARNING:pe_image_reader.cc(340)] could not read dos header from C:\WINDOWS\System32\WINTRUST.dll
[0730/133946.612:ERROR:process_memory_win.cc(73)] ReadMemory at 0x7ff9e7880000 of 64 bytes failed: Only part of a ReadProcessMemory or WriteProcessMemory request was completed. (0x12B)
[0730/133946.612:WARNING:pe_image_reader.cc(340)] could not read dos header from C:\WINDOWS\System32\MSASN1.dll
[0730/133946.612:ERROR:process_memory_win.cc(73)] ReadMemory at 0x7ff9e7a40000 of 64 bytes failed: Only part of a ReadProcessMemory or WriteProcessMemory request was completed. (0x12B)
[0730/133946.612:WARNING:pe_image_reader.cc(340)] could not read dos header from C:\WINDOWS\System32\CRYPT32.dll
[0730/133946.612:ERROR:process_memory_win.cc(73)] ReadMemory at 0x7ff9e6d90000 of 64 bytes failed: Only part of a ReadProcessMemory or WriteProcessMemory request was completed. (0x12B)
[0730/133946.612:WARNING:pe_image_reader.cc(340)] could not read dos header from C:\WINDOWS\SYSTEM32\IPHLPAPI.DLL
[0730/133946.612:ERROR:process_memory_win.cc(73)] ReadMemory at 0x7ff9da360000 of 64 bytes failed: Only part of a ReadProcessMemory or WriteProcessMemory request was completed. (0x12B)
[0730/133946.612:WARNING:pe_image_reader.cc(340)] could not read dos header from C:\WINDOWS\SYSTEM32\WINMM.dll
[0730/133946.612:ERROR:process_memory_win.cc(73)] ReadMemory at 0x7ff9e6a30000 of 64 bytes failed: Only part of a ReadProcessMemory or WriteProcessMemory request was completed. (0x12B)
[0730/133946.612:WARNING:pe_image_reader.cc(340)] could not read dos header from C:\WINDOWS\SYSTEM32\Secur32.dll
[0730/133946.612:ERROR:process_memory_win.cc(73)] ReadMemory at 0x7ff9e7790000 of 64 bytes failed: Only part of a ReadProcessMemory or WriteProcessMemory request was completed. (0x12B)
[0730/133946.612:WARNING:pe_image_reader.cc(340)] could not read dos header from C:\WINDOWS\SYSTEM32\USERENV.dll
[0730/133946.612:ERROR:process_memory_win.cc(73)] ReadMemory at 0x7ff9e7910000 of 64 bytes failed: Only part of a ReadProcessMemory or WriteProcessMemory request was completed. (0x12B)
[0730/133946.612:WARNING:pe_image_reader.cc(340)] could not read dos header from C:\WINDOWS\System32\profapi.dll
[0730/133946.612:ERROR:process_memory_win.cc(73)] ReadMemory at 0x7ff9bf370000 of 64 bytes failed: Only part of a ReadProcessMemory or WriteProcessMemory request was completed. (0x12B)
[0730/133946.612:WARNING:pe_image_reader.cc(340)] could not read dos header from C:\WINDOWS\SYSTEM32\UIAutomationCore.DLL
[0730/133946.612:ERROR:process_memory_win.cc(73)] ReadMemory at 0x7ff9d3040000 of 64 bytes failed: Only part of a ReadProcessMemory or WriteProcessMemory request was completed. (0x12B)
[0730/133946.612:WARNING:pe_image_reader.cc(340)] could not read dos header from C:\WINDOWS\SYSTEM32\DWrite.dll
[0730/133946.612:ERROR:process_memory_win.cc(73)] ReadMemory at 0x7ff9da400000 of 64 bytes failed: Only part of a ReadProcessMemory or WriteProcessMemory request was completed. (0x12B)
[0730/133946.612:WARNING:pe_image_reader.cc(340)] could not read dos header from C:\WINDOWS\SYSTEM32\WINSPOOL.DRV
[0730/133946.612:ERROR:process_memory_win.cc(73)] ReadMemory at 0x7ff9e78a0000 of 64 bytes failed: Only part of a ReadProcessMemory or WriteProcessMemory request was completed. (0x12B)
[0730/133946.612:WARNING:pe_image_reader.cc(340)] could not read dos header from C:\WINDOWS\System32\kernel.appcore.dll
[0730/133946.612:ERROR:process_memory_win.cc(73)] ReadMemory at 0x7ff9e89a0000 of 64 bytes failed: Only part of a ReadProcessMemory or WriteProcessMemory request was completed. (0x12B)
[0730/133946.612:WARNING:pe_image_reader.cc(340)] could not read dos header from C:\WINDOWS\System32\bcrypt.dll
[0730/133946.612:ERROR:process_memory_win.cc(73)] ReadMemory at 0x7ff9e2320000 of 64 bytes failed: Only part of a ReadProcessMemory or WriteProcessMemory request was completed. (0x12B)
[0730/133946.612:WARNING:pe_image_reader.cc(340)] could not read dos header from C:\WINDOWS\SYSTEM32\dbghelp.dll
[0730/133946.612:ERROR:process_memory_win.cc(73)] ReadMemory at 0x7ff9df450000 of 64 bytes failed: Only part of a ReadProcessMemory or WriteProcessMemory request was completed. (0x12B)
[0730/133946.612:WARNING:pe_image_reader.cc(340)] could not read dos header from C:\WINDOWS\SYSTEM32\WINHTTP.dll
[0730/133946.612:ERROR:process_memory_win.cc(73)] ReadMemory at 0x7ff9e1c60000 of 64 bytes failed: Only part of a ReadProcessMemory or WriteProcessMemory request was completed. (0x12B)
[0730/133946.612:WARNING:pe_image_reader.cc(340)] could not read dos header from C:\WINDOWS\SYSTEM32\dhcpcsvc.DLL
[0730/133946.612:ERROR:process_memory_win.cc(73)] ReadMemory at 0x7ff9ea690000 of 64 bytes failed: Only part of a ReadProcessMemory or WriteProcessMemory request was completed. (0x12B)
[0730/133946.612:WARNING:pe_image_reader.cc(340)] could not read dos header from C:\WINDOWS\System32\NSI.dll
[0730/133946.612:ERROR:process_memory_win.cc(73)] ReadMemory at 0x7ff9d9e80000 of 64 bytes failed: Only part of a ReadProcessMemory or WriteProcessMemory request was completed. (0x12B)
[0730/133946.612:WARNING:pe_image_reader.cc(340)] could not read dos header from C:\WINDOWS\SYSTEM32\WINMMBASE.dll
[0730/133946.612:ERROR:process_memory_win.cc(73)] ReadMemory at 0x7ff9e79f0000 of 64 bytes failed: Only part of a ReadProcessMemory or WriteProcessMemory request was completed. (0x12B)
[0730/133946.612:WARNING:pe_image_reader.cc(340)] could not read dos header from C:\WINDOWS\System32\cfgmgr32.dll
[0730/133946.612:ERROR:process_memory_win.cc(73)] ReadMemory at 0x7ff9e4070000 of 64 bytes failed: Only part of a ReadProcessMemory or WriteProcessMemory request was completed. (0x12B)
[0730/133946.612:WARNING:pe_image_reader.cc(340)] could not read dos header from C:\WINDOWS\SYSTEM32\PROPSYS.dll
[0730/133946.612:ERROR:process_memory_win.cc(73)] ReadMemory at 0x7ff9e9cd0000 of 64 bytes failed: Only part of a ReadProcessMemory or WriteProcessMemory request was completed. (0x12B)
[0730/133946.612:WARNING:pe_image_reader.cc(340)] could not read dos header from C:\WINDOWS\System32\shcore.dll
[0730/133946.612:ERROR:process_memory_win.cc(73)] ReadMemory at 0x7ff9e7760000 of 64 bytes failed: Only part of a ReadProcessMemory or WriteProcessMemory request was completed. (0x12B)
[0730/133946.612:WARNING:pe_image_reader.cc(340)] could not read dos header from C:\WINDOWS\SYSTEM32\SSPICLI.DLL
[0730/133946.612:ERROR:process_memory_win.cc(73)] ReadMemory at 0x7ff9e9e60000 of 64 bytes failed: Only part of a ReadProcessMemory or WriteProcessMemory request was completed. (0x12B)
[0730/133946.612:WARNING:pe_image_reader.cc(340)] could not read dos header from C:\WINDOWS\System32\SHELL32.dll
[0730/133946.612:ERROR:process_memory_win.cc(73)] ReadMemory at 0x7ff9e8070000 of 64 bytes failed: Only part of a ReadProcessMemory or WriteProcessMemory request was completed. (0x12B)
[0730/133946.612:WARNING:pe_image_reader.cc(340)] could not read dos header from C:\WINDOWS\System32\windows.storage.dll
[0730/133946.612:ERROR:process_memory_win.cc(73)] ReadMemory at 0x7ff9e78c0000 of 64 bytes failed: Only part of a ReadProcessMemory or WriteProcessMemory request was completed. (0x12B)
[0730/133946.612:WARNING:pe_image_reader.cc(340)] could not read dos header from C:\WINDOWS\System32\powrprof.dll
[0730/133946.612:ERROR:process_memory_win.cc(73)] ReadMemory at 0x7ff9e7870000 of 64 bytes failed: Only part of a ReadProcessMemory or WriteProcessMemory request was completed. (0x12B)
[0730/133946.612:WARNING:pe_image_reader.cc(340)] could not read dos header from C:\WINDOWS\System32\UMPDC.dll
[0730/133946.612:ERROR:process_memory_win.cc(73)] ReadMemory at 0x7ff9e9040000 of 64 bytes failed: Only part of a ReadProcessMemory or WriteProcessMemory request was completed. (0x12B)
[0730/133946.612:WARNING:pe_image_reader.cc(340)] could not read dos header from C:\WINDOWS\System32\shlwapi.dll
[0730/133946.612:ERROR:process_memory_win.cc(73)] ReadMemory at 0x7ff9e8db0000 of 64 bytes failed: Only part of a ReadProcessMemory or WriteProcessMemory request was completed. (0x12B)
[0730/133946.612:WARNING:pe_image_reader.cc(340)] could not read dos header from C:\WINDOWS\System32\GDI32.dll
[0730/133946.612:ERROR:process_memory_win.cc(73)] ReadMemory at 0x7ff9e7b90000 of 64 bytes failed: Only part of a ReadProcessMemory or WriteProcessMemory request was completed. (0x12B)
[0730/133946.612:WARNING:pe_image_reader.cc(340)] could not read dos header from C:\WINDOWS\System32\win32u.dll
[0730/133946.612:ERROR:process_memory_win.cc(73)] ReadMemory at 0x7ff9e8800000 of 64 bytes failed: Only part of a ReadProcessMemory or WriteProcessMemory request was completed. (0x12B)
[0730/133946.612:WARNING:pe_image_reader.cc(340)] could not read dos header from C:\WINDOWS\System32\gdi32full.dll
[0730/133946.612:ERROR:process_memory_win.cc(73)] ReadMemory at 0x7ff9ea6a0000 of 64 bytes failed: Only part of a ReadProcessMemory or WriteProcessMemory request was completed. (0x12B)
[0730/133946.612:WARNING:pe_image_reader.cc(340)] could not read dos header from C:\WINDOWS\System32\USER32.dll
[0730/133946.612:ERROR:process_memory_win.cc(73)] ReadMemory at 0x7ff9e8050000 of 64 bytes failed: Only part of a ReadProcessMemory or WriteProcessMemory request was completed. (0x12B)
[0730/133946.612:WARNING:pe_image_reader.cc(340)] could not read dos header from C:\WINDOWS\System32\cryptsp.dll
[0730/133946.612:ERROR:process_memory_win.cc(73)] ReadMemory at 0x1e16a980000 of 64 bytes failed: Only part of a ReadProcessMemory or WriteProcessMemory request was completed. (0x12B)
[0730/133946.612:WARNING:pe_image_reader.cc(340)] could not read dos header from C:\WINDOWS\System32\IMM32.DLL
[0730/133946.612:ERROR:process_memory_win.cc(73)] ReadMemory at 0x7ff9e7250000 of 64 bytes failed: Only part of a ReadProcessMemory or WriteProcessMemory request was completed. (0x12B)
[0730/133946.612:WARNING:pe_image_reader.cc(340)] could not read dos header from C:\WINDOWS\SYSTEM32\CRYPTBASE.DLL
[0730/133946.660:ERROR:process_memory_win.cc(73)] ReadMemory at 0x27f47e2000 of 122880 bytes failed: Only part of a ReadProcessMemory or WriteProcessMemory request was completed. (0x12B)
[0730/133946.660:ERROR:process_memory_win.cc(73)] ReadMemory at 0x27f4ffd000 of 12288 bytes failed: Only part of a ReadProcessMemory or WriteProcessMemory request was completed. (0x12B)
[0730/133946.660:ERROR:process_memory_win.cc(73)] ReadMemory at 0x27f57f8000 of 32768 bytes failed: Only part of a ReadProcessMemory or WriteProcessMemory request was completed. (0x12B)
[0730/133946.660:ERROR:process_memory_win.cc(73)] ReadMemory at 0x27f5ffc000 of 16384 bytes failed: Only part of a ReadProcessMemory or WriteProcessMemory request was completed. (0x12B)
[0730/133946.660:ERROR:process_memory_win.cc(73)] ReadMemory at 0x27f67fc000 of 16384 bytes failed: Only part of a ReadProcessMemory or WriteProcessMemory request was completed. (0x12B)
[0730/133946.660:ERROR:process_memory_win.cc(73)] ReadMemory at 0x27f6ffe000 of 8192 bytes failed: Only part of a ReadProcessMemory or WriteProcessMemory request was completed. (0x12B)
[0730/133946.660:ERROR:process_memory_win.cc(73)] ReadMemory at 0x27f77fd000 of 12288 bytes failed: Only part of a ReadProcessMemory or WriteProcessMemory request was completed. (0x12B)
[0730/133946.660:ERROR:process_memory_win.cc(73)] ReadMemory at 0x27f7ffb000 of 20480 bytes failed: Only part of a ReadProcessMemory or WriteProcessMemory request was completed. (0x12B)
[0730/133946.660:ERROR:process_memory_win.cc(73)] ReadMemory at 0x27f8ffd000 of 12288 bytes failed: Only part of a ReadProcessMemory or WriteProcessMemory request was completed. (0x12B)
[0730/133946.660:ERROR:process_memory_win.cc(73)] ReadMemory at 0x27f97f4000 of 49152 bytes failed: Only part of a ReadProcessMemory or WriteProcessMemory request was completed. (0x12B)
[0730/133946.660:ERROR:process_memory_win.cc(73)] ReadMemory at 0x27f9ff5000 of 45056 bytes failed: Only part of a ReadProcessMemory or WriteProcessMemory request was completed. (0x12B)
[0730/133946.660:ERROR:process_memory_win.cc(73)] ReadMemory at 0x27fa7fc000 of 16384 bytes failed: Only part of a ReadProcessMemory or WriteProcessMemory request was completed. (0x12B)
[0730/133946.660:ERROR:process_memory_win.cc(73)] ReadMemory at 0x27faff7000 of 36864 bytes failed: Only part of a ReadProcessMemory or WriteProcessMemory request was completed. (0x12B)
[0730/133946.660:ERROR:process_memory_win.cc(73)] ReadMemory at 0x27fb7f9000 of 28672 bytes failed: Only part of a ReadProcessMemory or WriteProcessMemory request was completed. (0x12B)
[0730/133946.660:ERROR:process_memory_win.cc(73)] ReadMemory at 0x27f87fc000 of 16384 bytes failed: Only part of a ReadProcessMemory or WriteProcessMemory request was completed. (0x12B)
[0730/133946.660:ERROR:process_memory_win.cc(73)] ReadMemory at 0x27f3ee5000 of 852 bytes failed: Only part of a ReadProcessMemory or WriteProcessMemory request was completed. (0x12B)
[0730/133946.660:ERROR:process_memory_win.cc(73)] ReadMemory at 0x27f3ee6000 of 6024 bytes failed: Only part of a ReadProcessMemory or WriteProcessMemory request was completed. (0x12B)
[0730/133946.660:ERROR:process_memory_win.cc(73)] ReadMemory at 0x27f3ee8000 of 6024 bytes failed: Only part of a ReadProcessMemory or WriteProcessMemory request was completed. (0x12B)
[0730/133946.660:ERROR:process_memory_win.cc(73)] ReadMemory at 0x27f3eea000 of 6024 bytes failed: Only part of a ReadProcessMemory or WriteProcessMemory request was completed. (0x12B)
[0730/133946.660:ERROR:process_memory_win.cc(73)] ReadMemory at 0x27f3eec000 of 6024 bytes failed: Only part of a ReadProcessMemory or WriteProcessMemory request was completed. (0x12B)
[0730/133946.660:ERROR:process_memory_win.cc(73)] ReadMemory at 0x27f3eee000 of 6024 bytes failed: Only part of a ReadProcessMemory or WriteProcessMemory request was completed. (0x12B)
[0730/133946.660:ERROR:process_memory_win.cc(73)] ReadMemory at 0x27f3ef0000 of 6024 bytes failed: Only part of a ReadProcessMemory or WriteProcessMemory request was completed. (0x12B)
[0730/133946.660:ERROR:process_memory_win.cc(73)] ReadMemory at 0x27f3ef2000 of 6024 bytes failed: Only part of a ReadProcessMemory or WriteProcessMemory request was completed. (0x12B)
[0730/133946.660:ERROR:process_memory_win.cc(73)] ReadMemory at 0x27f3ef4000 of 6024 bytes failed: Only part of a ReadProcessMemory or WriteProcessMemory request was completed. (0x12B)
[0730/133946.660:ERROR:process_memory_win.cc(73)] ReadMemory at 0x27f3ef8000 of 6024 bytes failed: Only part of a ReadProcessMemory or WriteProcessMemory request was completed. (0x12B)
[0730/133946.660:ERROR:process_memory_win.cc(73)] ReadMemory at 0x27f3efa000 of 6024 bytes failed: Only part of a ReadProcessMemory or WriteProcessMemory request was completed. (0x12B)
[0730/133946.660:ERROR:process_memory_win.cc(73)] ReadMemory at 0x27f3efc000 of 6024 bytes failed: Only part of a ReadProcessMemory or WriteProcessMemory request was completed. (0x12B)
[0730/133946.660:ERROR:process_memory_win.cc(73)] ReadMemory at 0x27f3efe000 of 6024 bytes failed: Only part of a ReadProcessMemory or WriteProcessMemory request was completed. (0x12B)
[0730/133946.660:ERROR:process_memory_win.cc(73)] ReadMemory at 0x27f3f00000 of 6024 bytes failed: Only part of a ReadProcessMemory or WriteProcessMemory request was completed. (0x12B)
[0730/133946.660:ERROR:process_memory_win.cc(73)] ReadMemory at 0x27f3f02000 of 6024 bytes failed: Only part of a ReadProcessMemory or WriteProcessMemory request was completed. (0x12B)
[0730/133946.660:ERROR:process_memory_win.cc(73)] ReadMemory at 0x27f3f04000 of 6024 bytes failed: Only part of a ReadProcessMemory or WriteProcessMemory request was completed. (0x12B)
[0730/133946.660:ERROR:process_memory_win.cc(73)] ReadMemory at 0x1e168ed0000 of 384 bytes failed: Only part of a ReadProcessMemory or WriteProcessMemory request was completed. (0x12B)
[0730/133946.668:ERROR:process_memory_win.cc(73)] ReadMemory at 0x1e168ed0fe0 of 7958 bytes failed: Only part of a ReadProcessMemory or WriteProcessMemory request was completed. (0x12B)
[0730/133946.668:ERROR:process_memory_win.cc(73)] ReadMemory at 0x1e168ed2f00 of 1012 bytes failed: Only part of a ReadProcessMemory or WriteProcessMemory request was completed. (0x12B)
[0730/133946.668:ERROR:process_memory_win.cc(73)] ReadMemory at 0x1e168ed3548 of 118 bytes failed: Only part of a ReadProcessMemory or WriteProcessMemory request was completed. (0x12B)
[0730/133946.668:ERROR:process_memory_win.cc(73)] ReadMemory at 0x1e168ed35c0 of 1110 bytes failed: Only part of a ReadProcessMemory or WriteProcessMemory request was completed. (0x12B)
[0730/133946.668:ERROR:process_memory_win.cc(73)] ReadMemory at 0x1e168ed3a18 of 118 bytes failed: Only part of a ReadProcessMemory or WriteProcessMemory request was completed. (0x12B)
[0730/133946.668:ERROR:process_memory_win.cc(73)] ReadMemory at 0x1e168ed3a90 of 100 bytes failed: Only part of a ReadProcessMemory or WriteProcessMemory request was completed. (0x12B)
[0730/133946.668:ERROR:process_memory_win.cc(73)] ReadMemory at 0x1e168ed3b00 of 58 bytes failed: Only part of a ReadProcessMemory or WriteProcessMemory request was completed. (0x12B)
[0730/133946.668:ERROR:process_memory_win.cc(73)] ReadMemory at 0x1e168ed3c00 of 132 bytes failed: Only part of a ReadProcessMemory or WriteProcessMemory request was completed. (0x12B)
[0730/133946.668:ERROR:process_memory_win.cc(73)] ReadMemory at 0x1e168ed3d90 of 132 bytes failed: Only part of a ReadProcessMemory or WriteProcessMemory request was completed. (0x12B)
[0730/133946.668:ERROR:process_memory_win.cc(73)] ReadMemory at 0x1e168ed3f50 of 124 bytes failed: Only part of a ReadProcessMemory or WriteProcessMemory request was completed. (0x12B)
[0730/133946.668:ERROR:process_memory_win.cc(73)] ReadMemory at 0x1e168ed4330 of 132 bytes failed: Only part of a ReadProcessMemory or WriteProcessMemory request was completed. (0x12B)
[0730/133946.668:ERROR:process_memory_win.cc(73)] ReadMemory at 0x1e168ed44c0 of 64 bytes failed: Only part of a ReadProcessMemory or WriteProcessMemory request was completed. (0x12B)
[0730/133946.668:ERROR:process_memory_win.cc(73)] ReadMemory at 0x1e168ed4680 of 132 bytes failed: Only part of a ReadProcessMemory or WriteProcessMemory request was completed. (0x12B)
[0730/133946.668:ERROR:process_memory_win.cc(73)] ReadMemory at 0x1e168ed4920 of 132 bytes failed: Only part of a ReadProcessMemory or WriteProcessMemory request was completed. (0x12B)
[0730/133946.668:ERROR:process_memory_win.cc(73)] ReadMemory at 0x1e168ed4ab0 of 68 bytes failed: Only part of a ReadProcessMemory or WriteProcessMemory request was completed. (0x12B)
[0730/133946.668:ERROR:process_memory_win.cc(73)] ReadMemory at 0x1e168ed5c30 of 132 bytes failed: Only part of a ReadProcessMemory or WriteProcessMemory request was completed. (0x12B)
[0730/133946.668:ERROR:process_memory_win.cc(73)] ReadMemory at 0x1e168ed5dc0 of 152 bytes failed: Only part of a ReadProcessMemory or WriteProcessMemory request was completed. (0x12B)
[0730/133946.668:ERROR:process_memory_win.cc(73)] ReadMemory at 0x1e168ed6c00 of 62 bytes failed: Only part of a ReadProcessMemory or WriteProcessMemory request was completed. (0x12B)
[0730/133946.668:ERROR:process_memory_win.cc(73)] ReadMemory at 0x1e168ed6d30 of 132 bytes failed: Only part of a ReadProcessMemory or WriteProcessMemory request was completed. (0x12B)
[0730/133946.668:ERROR:process_memory_win.cc(73)] ReadMemory at 0x1e168ed6ec0 of 60 bytes failed: Only part of a ReadProcessMemory or WriteProcessMemory request was completed. (0x12B)
[0730/133946.668:ERROR:process_memory_win.cc(73)] ReadMemory at 0x1e168edaa56 of 512 bytes failed: Only part of a ReadProcessMemory or WriteProcessMemory request was completed. (0x12B)
[0730/133946.668:ERROR:process_memory_win.cc(73)] ReadMemory at 0x1e168edc100 of 62 bytes failed: Only part of a ReadProcessMemory or WriteProcessMemory request was completed. (0x12B)
[0730/133946.668:ERROR:process_memory_win.cc(73)] ReadMemory at 0x1e168edc970 of 54 bytes failed: Only part of a ReadProcessMemory or WriteProcessMemory request was completed. (0x12B)
[0730/133946.668:ERROR:process_memory_win.cc(73)] ReadMemory at 0x1e168ee08a0 of 80 bytes failed: Only part of a ReadProcessMemory or WriteProcessMemory request was completed. (0x12B)
[0730/133946.668:ERROR:process_memory_win.cc(73)] ReadMemory at 0x1e168ee6330 of 132 bytes failed: Only part of a ReadProcessMemory or WriteProcessMemory request was completed. (0x12B)
[0730/133946.668:ERROR:process_memory_win.cc(73)] ReadMemory at 0x1e168ee65a0 of 132 bytes failed: Only part of a ReadProcessMemory or WriteProcessMemory request was completed. (0x12B)
[0730/133946.668:ERROR:process_memory_win.cc(73)] ReadMemory at 0x1e168ee68c0 of 132 bytes failed: Only part of a ReadProcessMemory or WriteProcessMemory request was completed. (0x12B)
[0730/133946.668:ERROR:process_memory_win.cc(73)] ReadMemory at 0x1e168ee6ae0 of 132 bytes failed: Only part of a ReadProcessMemory or WriteProcessMemory request was completed. (0x12B)
[0730/133946.668:ERROR:process_memory_win.cc(73)] ReadMemory at 0x1e168ee6e40 of 132 bytes failed: Only part of a ReadProcessMemory or WriteProcessMemory request was completed. (0x12B)
[0730/133946.668:ERROR:process_memory_win.cc(73)] ReadMemory at 0x1e168ee7050 of 132 bytes failed: Only part of a ReadProcessMemory or WriteProcessMemory request was completed. (0x12B)
[0730/133946.668:ERROR:process_memory_win.cc(73)] ReadMemory at 0x1e168ee99a0 of 62 bytes failed: Only part of a ReadProcessMemory or WriteProcessMemory request was completed. (0x12B)
[0730/133946.668:ERROR:process_memory_win.cc(73)] ReadMemory at 0x1e168ee9a90 of 62 bytes failed: Only part of a ReadProcessMemory or WriteProcessMemory request was completed. (0x12B)
[0730/133946.668:ERROR:process_memory_win.cc(73)] ReadMemory at 0x1e168ee9b80 of 58 bytes failed: Only part of a ReadProcessMemory or WriteProcessMemory request was completed. (0x12B)
[0730/133946.668:ERROR:process_memory_win.cc(73)] ReadMemory at 0x1e168ee9c20 of 64 bytes failed: Only part of a ReadProcessMemory or WriteProcessMemory request was completed. (0x12B)
[0730/133946.668:ERROR:process_memory_win.cc(73)] ReadMemory at 0x1e168ee9c70 of 60 bytes failed: Only part of a ReadProcessMemory or WriteProcessMemory request was completed. (0x12B)
[0730/133946.668:ERROR:process_memory_win.cc(73)] ReadMemory at 0x1e168ee9cc0 of 64 bytes failed: Only part of a ReadProcessMemory or WriteProcessMemory request was completed. (0x12B)
[0730/133946.668:ERROR:process_memory_win.cc(73)] ReadMemory at 0x1e168ee9d10 of 62 bytes failed: Only part of a ReadProcessMemory or WriteProcessMemory request was completed. (0x12B)
[0730/133946.668:ERROR:process_memory_win.cc(73)] ReadMemory at 0x1e168ee9d60 of 60 bytes failed: Only part of a ReadProcessMemory or WriteProcessMemory request was completed. (0x12B)
[0730/133946.668:ERROR:process_memory_win.cc(73)] ReadMemory at 0x1e168ee9e00 of 60 bytes failed: Only part of a ReadProcessMemory or WriteProcessMemory request was completed. (0x12B)
[0730/133946.668:ERROR:process_memory_win.cc(73)] ReadMemory at 0x1e168ee9e50 of 64 bytes failed: Only part of a ReadProcessMemory or WriteProcessMemory request was completed. (0x12B)
[0730/133946.668:ERROR:process_memory_win.cc(73)] ReadMemory at 0x1e168ee9ef0 of 62 bytes failed: Only part of a ReadProcessMemory or WriteProcessMemory request was completed. (0x12B)
[0730/133946.668:ERROR:process_memory_win.cc(73)] ReadMemory at 0x1e168ee9f90 of 64 bytes failed: Only part of a ReadProcessMemory or WriteProcessMemory request was completed. (0x12B)
[0730/133946.668:ERROR:process_memory_win.cc(73)] ReadMemory at 0x1e168eea120 of 60 bytes failed: Only part of a ReadProcessMemory or WriteProcessMemory request was completed. (0x12B)
[0730/133946.684:ERROR:process_memory_win.cc(73)] ReadMemory at 0x1e168eea1c0 of 60 bytes failed: Only part of a ReadProcessMemory or WriteProcessMemory request was completed. (0x12B)
[0730/133946.684:ERROR:process_memory_win.cc(73)] ReadMemory at 0x1e168eea260 of 64 bytes failed: Only part of a ReadProcessMemory or WriteProcessMemory request was completed. (0x12B)
[0730/133946.684:ERROR:process_memory_win.cc(73)] ReadMemory at 0x1e168eea2b0 of 66 bytes failed: Only part of a ReadProcessMemory or WriteProcessMemory request was completed. (0x12B)
[0730/133946.684:ERROR:process_memory_win.cc(73)] ReadMemory at 0x1e168eea300 of 64 bytes failed: Only part of a ReadProcessMemory or WriteProcessMemory request was completed. (0x12B)
[0730/133946.684:ERROR:process_memory_win.cc(73)] ReadMemory at 0x1e168eea350 of 64 bytes failed: Only part of a ReadProcessMemory or WriteProcessMemory request was completed. (0x12B)
[0730/133946.684:ERROR:process_memory_win.cc(73)] ReadMemory at 0x1e168eea3f0 of 62 bytes failed: Only part of a ReadProcessMemory or WriteProcessMemory request was completed. (0x12B)
[0730/133946.684:ERROR:process_memory_win.cc(73)] ReadMemory at 0x1e168eea440 of 62 bytes failed: Only part of a ReadProcessMemory or WriteProcessMemory request was completed. (0x12B)
[0730/133946.684:ERROR:process_memory_win.cc(73)] ReadMemory at 0x1e168eea4e0 of 66 bytes failed: Only part of a ReadProcessMemory or WriteProcessMemory request was completed. (0x12B)
[0730/133946.684:ERROR:process_memory_win.cc(73)] ReadMemory at 0x1e168eea530 of 64 bytes failed: Only part of a ReadProcessMemory or WriteProcessMemory request was completed. (0x12B)
[0730/133946.684:ERROR:process_memory_win.cc(73)] ReadMemory at 0x1e168eea670 of 62 bytes failed: Only part of a ReadProcessMemory or WriteProcessMemory request was completed. (0x12B)
[0730/133946.684:ERROR:process_memory_win.cc(73)] ReadMemory at 0x1e168eea710 of 60 bytes failed: Only part of a ReadProcessMemory or WriteProcessMemory request was completed. (0x12B)
[0730/133946.684:ERROR:process_memory_win.cc(73)] ReadMemory at 0x1e168eea800 of 62 bytes failed: Only part of a ReadProcessMemory or WriteProcessMemory request was completed. (0x12B)
[0730/133946.684:ERROR:process_memory_win.cc(73)] ReadMemory at 0x1e168eea8f0 of 62 bytes failed: Only part of a ReadProcessMemory or WriteProcessMemory request was completed. (0x12B)
[0730/133946.684:ERROR:process_memory_win.cc(73)] ReadMemory at 0x1e168eebb90 of 132 bytes failed: Only part of a ReadProcessMemory or WriteProcessMemory request was completed. (0x12B)
[0730/133946.684:ERROR:process_memory_win.cc(73)] ReadMemory at 0x1e168eebf60 of 132 bytes failed: Only part of a ReadProcessMemory or WriteProcessMemory request was completed. (0x12B)
[0730/133946.708:ERROR:process_memory_win.cc(73)] ReadMemory at 0x1e168eec140 of 132 bytes failed: Only part of a ReadProcessMemory or WriteProcessMemory request was completed. (0x12B)
[0730/133946.708:ERROR:process_memory_win.cc(73)] ReadMemory at 0x1e168eec270 of 132 bytes failed: Only part of a ReadProcessMemory or WriteProcessMemory request was completed. (0x12B)
[0730/133946.708:ERROR:process_memory_win.cc(73)] ReadMemory at 0x1e168eec550 of 132 bytes failed: Only part of a ReadProcessMemory or WriteProcessMemory request was completed. (0x12B)
[0730/133946.708:ERROR:process_memory_win.cc(73)] ReadMemory at 0x1e168eec680 of 132 bytes failed: Only part of a ReadProcessMemory or WriteProcessMemory request was completed. (0x12B)
[0730/133946.708:ERROR:process_memory_win.cc(73)] ReadMemory at 0x1e168eec7b0 of 132 bytes failed: Only part of a ReadProcessMemory or WriteProcessMemory request was completed. (0x12B)
[0730/133946.708:ERROR:process_memory_win.cc(73)] ReadMemory at 0x1e168eec8e0 of 132 bytes failed: Only part of a ReadProcessMemory or WriteProcessMemory request was completed. (0x12B)
[0730/133946.708:ERROR:process_memory_win.cc(73)] ReadMemory at 0x1e168eeca10 of 132 bytes failed: Only part of a ReadProcessMemory or WriteProcessMemory request was completed. (0x12B)
[0730/133946.708:ERROR:process_memory_win.cc(73)] ReadMemory at 0x1e168eecb40 of 132 bytes failed: Only part of a ReadProcessMemory or WriteProcessMemory request was completed. (0x12B)
[0730/133946.708:ERROR:process_memory_win.cc(73)] ReadMemory at 0x1e168ef0300 of 144 bytes failed: Only part of a ReadProcessMemory or WriteProcessMemory request was completed. (0x12B)
[0730/133946.708:ERROR:process_memory_win.cc(73)] ReadMemory at 0x1e168ef32e0 of 132 bytes failed: Only part of a ReadProcessMemory or WriteProcessMemory request was completed. (0x12B)
[0730/133946.708:ERROR:process_memory_win.cc(73)] ReadMemory at 0x1e168ef3410 of 132 bytes failed: Only part of a ReadProcessMemory or WriteProcessMemory request was completed. (0x12B)
[0730/133946.708:ERROR:process_memory_win.cc(73)] ReadMemory at 0x1e168ef3540 of 132 bytes failed: Only part of a ReadProcessMemory or WriteProcessMemory request was completed. (0x12B)
[0730/133946.708:ERROR:process_memory_win.cc(73)] ReadMemory at 0x1e168ef3670 of 132 bytes failed: Only part of a ReadProcessMemory or WriteProcessMemory request was completed. (0x12B)
[0730/133946.708:ERROR:process_memory_win.cc(73)] ReadMemory at 0x1e168ef37a0 of 132 bytes failed: Only part of a ReadProcessMemory or WriteProcessMemory request was completed. (0x12B)
[0730/133946.708:ERROR:process_memory_win.cc(73)] ReadMemory at 0x1e168ef38d0 of 132 bytes failed: Only part of a ReadProcessMemory or WriteProcessMemory request was completed. (0x12B)
[0730/133946.708:ERROR:process_memory_win.cc(73)] ReadMemory at 0x1e168ef3a00 of 132 bytes failed: Only part of a ReadProcessMemory or WriteProcessMemory request was completed. (0x12B)
[0730/133946.708:ERROR:process_memory_win.cc(73)] ReadMemory at 0x1e168ef3b30 of 132 bytes failed: Only part of a ReadProcessMemory or WriteProcessMemory request was completed. (0x12B)
[0730/133946.708:ERROR:process_memory_win.cc(73)] ReadMemory at 0x1e168ef3c60 of 132 bytes failed: Only part of a ReadProcessMemory or WriteProcessMemory request was completed. (0x12B)
[0730/133946.708:ERROR:process_memory_win.cc(73)] ReadMemory at 0x1e168ef3d90 of 132 bytes failed: Only part of a ReadProcessMemory or WriteProcessMemory request was completed. (0x12B)
[0730/133946.708:ERROR:process_memory_win.cc(73)] ReadMemory at 0x1e168ef3ec0 of 132 bytes failed: Only part of a ReadProcessMemory or WriteProcessMemory request was completed. (0x12B)
[0730/133946.708:ERROR:process_memory_win.cc(73)] ReadMemory at 0x1e168ef3ff0 of 132 bytes failed: Only part of a ReadProcessMemory or WriteProcessMemory request was completed. (0x12B)
[0730/133946.708:ERROR:process_memory_win.cc(73)] ReadMemory at 0x1e168ef4120 of 132 bytes failed: Only part of a ReadProcessMemory or WriteProcessMemory request was completed. (0x12B)
[0730/133946.708:ERROR:process_memory_win.cc(73)] ReadMemory at 0x1e168ef4250 of 132 bytes failed: Only part of a ReadProcessMemory or WriteProcessMemory request was completed. (0x12B)
[0730/133946.708:ERROR:process_memory_win.cc(73)] ReadMemory at 0x1e168ef4380 of 132 bytes failed: Only part of a ReadProcessMemory or WriteProcessMemory request was completed. (0x12B)
[0730/133946.708:ERROR:process_memory_win.cc(73)] ReadMemory at 0x1e168ef44b0 of 132 bytes failed: Only part of a ReadProcessMemory or WriteProcessMemory request was completed. (0x12B)
[0730/133946.708:ERROR:process_memory_win.cc(73)] ReadMemory at 0x1e168ef45e0 of 132 bytes failed: Only part of a ReadProcessMemory or WriteProcessMemory request was completed. (0x12B)
[0730/133946.708:ERROR:process_memory_win.cc(73)] ReadMemory at 0x1e168ef4710 of 132 bytes failed: Only part of a ReadProcessMemory or WriteProcessMemory request was completed. (0x12B)
[0730/133946.708:ERROR:process_memory_win.cc(73)] ReadMemory at 0x1e168ef4840 of 132 bytes failed: Only part of a ReadProcessMemory or WriteProcessMemory request was completed. (0x12B)
[0730/133946.708:ERROR:process_memory_win.cc(73)] ReadMemory at 0x1e168ef4970 of 132 bytes failed: Only part of a ReadProcessMemory or WriteProcessMemory request was completed. (0x12B)
[0730/133946.708:ERROR:process_memory_win.cc(73)] ReadMemory at 0x1e168ef4aa0 of 132 bytes failed: Only part of a ReadProcessMemory or WriteProcessMemory request was completed. (0x12B)
[0730/133946.708:ERROR:process_memory_win.cc(73)] ReadMemory at 0x1e168ef4bd0 of 132 bytes failed: Only part of a ReadProcessMemory or WriteProcessMemory request was completed. (0x12B)
[0730/133946.708:ERROR:process_memory_win.cc(73)] ReadMemory at 0x1e168ef4d00 of 132 bytes failed: Only part of a ReadProcessMemory or WriteProcessMemory request was completed. (0x12B)
[0730/133946.708:ERROR:process_memory_win.cc(73)] ReadMemory at 0x1e168ef4e30 of 132 bytes failed: Only part of a ReadProcessMemory or WriteProcessMemory request was completed. (0x12B)
[0730/133946.708:ERROR:process_memory_win.cc(73)] ReadMemory at 0x1e168ef4f60 of 132 bytes failed: Only part of a ReadProcessMemory or WriteProcessMemory request was completed. (0x12B)
[0730/133946.708:ERROR:process_memory_win.cc(73)] ReadMemory at 0x1e168ef5090 of 132 bytes failed: Only part of a ReadProcessMemory or WriteProcessMemory request was completed. (0x12B)
[0730/133946.708:ERROR:process_memory_win.cc(73)] ReadMemory at 0x1e168ef6a40 of 76 bytes failed: Only part of a ReadProcessMemory or WriteProcessMemory request was completed. (0x12B)
[0730/133946.708:ERROR:process_memory_win.cc(73)] ReadMemory at 0x1e168ef7640 of 80 bytes failed: Only part of a ReadProcessMemory or WriteProcessMemory request was completed. (0x12B)
[0730/133946.708:ERROR:process_memory_win.cc(73)] ReadMemory at 0x1e168f17eb0 of 62 bytes failed: Only part of a ReadProcessMemory or WriteProcessMemory request was completed. (0x12B)
[0730/133946.708:ERROR:process_memory_win.cc(73)] ReadMemory at 0x1e168f17fa0 of 58 bytes failed: Only part of a ReadProcessMemory or WriteProcessMemory request was completed. (0x12B)
[0730/133946.708:ERROR:process_memory_win.cc(73)] ReadMemory at 0x1e168f18090 of 58 bytes failed: Only part of a ReadProcessMemory or WriteProcessMemory request was completed. (0x12B)
[0730/133946.708:ERROR:process_memory_win.cc(73)] ReadMemory at 0x1e168f180e0 of 64 bytes failed: Only part of a ReadProcessMemory or WriteProcessMemory request was completed. (0x12B)
[0730/133946.724:ERROR:process_memory_win.cc(73)] ReadMemory at 0x1e168f18130 of 60 bytes failed: Only part of a ReadProcessMemory or WriteProcessMemory request was completed. (0x12B)
[0730/133946.724:ERROR:process_memory_win.cc(73)] ReadMemory at 0x1e168f18360 of 62 bytes failed: Only part of a ReadProcessMemory or WriteProcessMemory request was completed. (0x12B)
[0730/133946.724:ERROR:process_memory_win.cc(73)] ReadMemory at 0x1e168f186d0 of 66 bytes failed: Only part of a ReadProcessMemory or WriteProcessMemory request was completed. (0x12B)
[0730/133946.724:ERROR:process_memory_win.cc(73)] ReadMemory at 0x1e168f187c0 of 60 bytes failed: Only part of a ReadProcessMemory or WriteProcessMemory request was completed. (0x12B)
[0730/133946.724:ERROR:process_memory_win.cc(73)] ReadMemory at 0x1e168f18950 of 62 bytes failed: Only part of a ReadProcessMemory or WriteProcessMemory request was completed. (0x12B)
[0730/133946.724:ERROR:process_memory_win.cc(73)] ReadMemory at 0x1e168f18b30 of 58 bytes failed: Only part of a ReadProcessMemory or WriteProcessMemory request was completed. (0x12B)
[0730/133946.724:ERROR:process_memory_win.cc(73)] ReadMemory at 0x1e168f22d30 of 78 bytes failed: Only part of a ReadProcessMemory or WriteProcessMemory request was completed. (0x12B)
[0730/133946.724:ERROR:process_memory_win.cc(73)] ReadMemory at 0x1e168f24cb0 of 132 bytes failed: Only part of a ReadProcessMemory or WriteProcessMemory request was completed. (0x12B)
[0730/133946.724:ERROR:process_memory_win.cc(73)] ReadMemory at 0x1e168f4ccf8 of 616 bytes failed: Only part of a ReadProcessMemory or WriteProcessMemory request was completed. (0x12B)
[0730/133946.724:ERROR:process_memory_win.cc(73)] ReadMemory at 0x1e168f580f0 of 512 bytes failed: Only part of a ReadProcessMemory or WriteProcessMemory request was completed. (0x12B)
[0730/133946.724:ERROR:process_memory_win.cc(73)] ReadMemory at 0x1e168f58d10 of 712 bytes failed: Only part of a ReadProcessMemory or WriteProcessMemory request was completed. (0x12B)
[0730/133946.724:ERROR:process_memory_win.cc(73)] ReadMemory at 0x1e168f5cd60 of 512 bytes failed: Only part of a ReadProcessMemory or WriteProcessMemory request was completed. (0x12B)
[0730/133946.724:ERROR:process_memory_win.cc(73)] ReadMemory at 0x1e16aae0000 of 384 bytes failed: Only part of a ReadProcessMemory or WriteProcessMemory request was completed. (0x12B)
[0730/133946.724:ERROR:process_memory_win.cc(73)] ReadMemory at 0x1e16aaf3950 of 512 bytes failed: Only part of a ReadProcessMemory or WriteProcessMemory request was completed. (0x12B)
[0730/133946.724:ERROR:process_memory_win.cc(73)] ReadMemory at 0x1e16aaf5440 of 512 bytes failed: Only part of a ReadProcessMemory or WriteProcessMemory request was completed. (0x12B)
[0730/133946.724:ERROR:process_memory_win.cc(73)] ReadMemory at 0x1e16ab8c320 of 512 bytes failed: Only part of a ReadProcessMemory or WriteProcessMemory request was completed. (0x12B)
[0730/133946.724:ERROR:process_memory_win.cc(73)] ReadMemory at 0x1e16ab93c70 of 512 bytes failed: Only part of a ReadProcessMemory or WriteProcessMemory request was completed. (0x12B)
[0730/133946.724:ERROR:process_memory_win.cc(73)] ReadMemory at 0x1e16ae296e0 of 512 bytes failed: Only part of a ReadProcessMemory or WriteProcessMemory request was completed. (0x12B)
[0730/133946.724:ERROR:process_memory_win.cc(73)] ReadMemory at 0x1e16bdf87ff of 512 bytes failed: Only part of a ReadProcessMemory or WriteProcessMemory request was completed. (0x12B)
[0730/133946.724:ERROR:process_memory_win.cc(73)] ReadMemory at 0x1e16bdf945f of 512 bytes failed: Only part of a ReadProcessMemory or WriteProcessMemory request was completed. (0x12B)
[0730/133946.724:ERROR:process_memory_win.cc(73)] ReadMemory at 0x1e16bfc6b80 of 512 bytes failed: Only part of a ReadProcessMemory or WriteProcessMemory request was completed. (0x12B)
[0730/133946.724:ERROR:process_memory_win.cc(73)] ReadMemory at 0x7ff97eb46374 of 512 bytes failed: Only part of a ReadProcessMemory or WriteProcessMemory request was completed. (0x12B)
[0730/133946.724:ERROR:process_memory_win.cc(73)] ReadMemory at 0x7ff97eb4edd1 of 512 bytes failed: Only part of a ReadProcessMemory or WriteProcessMemory request was completed. (0x12B)
[0730/133946.724:ERROR:process_memory_win.cc(73)] ReadMemory at 0x7ff9e7bfa719 of 512 bytes failed: Only part of a ReadProcessMemory or WriteProcessMemory request was completed. (0x12B)
[0730/133946.724:ERROR:process_memory_win.cc(73)] ReadMemory at 0x7ff9e7e2c720 of 512 bytes failed: Only part of a ReadProcessMemory or WriteProcessMemory request was completed. (0x12B)
[0730/133946.724:ERROR:process_memory_win.cc(73)] ReadMemory at 0x7ff9ea9fc3bf of 512 bytes failed: Only part of a ReadProcessMemory or WriteProcessMemory request was completed. (0x12B)
[0730/133946.724:ERROR:process_memory_win.cc(73)] ReadMemory at 0x7ff9eaa5c074 of 672 bytes failed: Only part of a ReadProcessMemory or WriteProcessMemory request was completed. (0x12B)
[0730/133946.724:ERROR:process_memory_win.cc(73)] ReadMemory at 0x7ff9eaa5c674 of 512 bytes failed: Only part of a ReadProcessMemory or WriteProcessMemory request was completed. (0x12B)
[0730/133946.748:ERROR:process_memory_win.cc(73)] ReadMemory at 0x7ff9eaa5f924 of 608 bytes failed: Only part of a ReadProcessMemory or WriteProcessMemory request was completed. (0x12B)
[0730/133946.748:ERROR:process_memory_win.cc(73)] ReadMemory at 0x7ff9eaaec428 of 18 bytes failed: Only part of a ReadProcessMemory or WriteProcessMemory request was completed. (0x12B)
[0730/133946.748:ERROR:process_memory_win.cc(73)] ReadMemory at 0x7ff9eab1f4f8 of 40 bytes failed: Only part of a ReadProcessMemory or WriteProcessMemory request was completed. (0x12B)
[0730/133946.748:ERROR:process_memory_win.cc(73)] ReadMemory at 0x7ff9eab1f978 of 48 bytes failed: Only part of a ReadProcessMemory or WriteProcessMemory request was completed. (0x12B)
[0730/133946.748:ERROR:process_memory_win.cc(73)] ReadMemory at 0x7ff9eab253c0 of 64 bytes failed: Only part of a ReadProcessMemory or WriteProcessMemory request was completed. (0x12B)
[0730/133946.748:ERROR:scoped_process_suspend.cc(40)] NtResumeProcess: An attempt was made to access an exiting process. (0xc000010a)
